<?xml version="1.0" encoding="UTF-8"?>
<testsuite name="com.example.goban.GobanTest" tests="7" skipped="0" failures="0" errors="0" timestamp="2026-04-15T19:42:00.111Z" hostname="Vinays-MacBook-Pro.local" time="0.037">
  <properties/>
  <testcase name="singleStoneWithLibertyIsNotTaken()" classname="com.example.goban.GobanTest" time="0.019"/>
  <testcase name="squareShapeIsTaken()" classname="com.example.goban.GobanTest" time="0.001"/>
  <testcase name="whiteIsTakenWhenSurroundedByBlack()" classname="com.example.goban.GobanTest" time="0.001"/>
  <testcase name="blackShapeIsNotTakenWhenItHasALiberty()" classname="com.example.goban.GobanTest" time="0.002"/>
  <testcase name="whiteIsNotTakenWhenItHasALiberty()" classname="com.example.goban.GobanTest" time="0.002"/>
  <testcase name="cornerStoneTaken()" classname="com.example.goban.GobanTest" time="0.001"/>
  <testcase name="blackShapeIsTakenWhenSurrounded()" classname="com.example.goban.GobanTest" time="0.001"/>
  <system-out><![CDATA[]]></system-out>
  <system-err><![CDATA[]]></system-err>
</testsuite>
